This is pdfTeX, Version 3.141592653-2.6-1.40.28 (MiKTeX 25.12) (preloaded format=pdflatex 2026.6.2)  14 JUN 2026 23:09
entering extended mode
 restricted \write18 enabled.
 %&-line parsing enabled.
**./latex/apresentacao/apresentacao_vias.tex
(latex/apresentacao/apresentacao_vias.tex
LaTeX2e <2025-11-01>
L3 programming layer <2025-12-24>

(C:\Users\Felipe Costa\AppData\Local\Programs\MiKTeX\tex/latex/beamer\beamer.cl
s
Document Class: beamer 2026/01/22 v3.77 A class for typesetting presentations

(C:\Users\Felipe Costa\AppData\Local\Programs\MiKTeX\tex/latex/beamer\beamerbas
emodes.sty
(C:\Users\Felipe Costa\AppData\Local\Programs\MiKTeX\tex/latex/etoolbox\etoolbo
x.sty
Package: etoolbox 2025/10/02 v2.5m e-TeX tools for LaTeX (JAW)
\etb@tempcnta=\count275
)
\beamer@tempbox=\box53
\beamer@tempcount=\count276
\c@beamerpauses=\count277

(C:\Users\Felipe Costa\AppData\Local\Programs\MiKTeX\tex/latex/beamer\beamerbas
edecode.sty
\beamer@slideinframe=\count278
\beamer@minimum=\count279
\beamer@decode@box=\box54
)
\beamer@commentbox=\box55
\beamer@modecount=\count280
)
(C:\Users\Felipe Costa\AppData\Local\Programs\MiKTeX\tex/generic/iftex\iftex.st
y
Package: iftex 2024/12/12 v1.0g TeX engine tests
)
\headdp=\dimen148
\footheight=\dimen149
\sidebarheight=\dimen150
\beamer@tempdim=\dimen151
\beamer@finalheight=\dimen152
\beamer@animht=\dimen153
\beamer@animdp=\dimen154
\beamer@animwd=\dimen155
\beamer@leftmargin=\dimen156
\beamer@rightmargin=\dimen157
\beamer@leftsidebar=\dimen158
\beamer@rightsidebar=\dimen159
\beamer@boxsize=\dimen160
\beamer@vboxoffset=\dimen161
\beamer@descdefault=\dimen162
\beamer@descriptionwidth=\dimen163
\beamer@lastskip=\skip49
\beamer@areabox=\box56
\beamer@animcurrent=\box57
\beamer@animshowbox=\box58
\beamer@sectionbox=\box59
\beamer@logobox=\box60
\beamer@linebox=\box61
\beamer@sectioncount=\count281
\beamer@subsubsectionmax=\count282
\beamer@subsectionmax=\count283
\beamer@sectionmax=\count284
\beamer@totalheads=\count285
\beamer@headcounter=\count286
\beamer@partstartpage=\count287
\beamer@sectionstartpage=\count288
\beamer@subsectionstartpage=\count289
\beamer@animationtempa=\count290
\beamer@animationtempb=\count291
\beamer@xpos=\count292
\beamer@ypos=\count293
\beamer@ypos@offset=\count294
\beamer@showpartnumber=\count295
\beamer@currentsubsection=\count296
\beamer@coveringdepth=\count297
\beamer@sectionadjust=\count298
\beamer@toclastsection=\count299
\beamer@tocsectionnumber=\count300

(C:\Users\Felipe Costa\AppData\Local\Programs\MiKTeX\tex/latex/beamer\beamerbas
eoptions.sty
(C:\Users\Felipe Costa\AppData\Local\Programs\MiKTeX\tex/latex/graphics\keyval.
sty
Package: keyval 2022/05/29 v1.15 key=value parser (DPC)
\KV@toks@=\toks17
))
\beamer@paperwidth=\skip50
\beamer@paperheight=\skip51

(C:\Users\Felipe Costa\AppData\Local\Programs\MiKTeX\tex/latex/geometry\geometr
y.sty
Package: geometry 2026/03/07 v6.0 Page Geometry

(C:\Users\Felipe Costa\AppData\Local\Programs\MiKTeX\tex/generic/iftex\ifvtex.s
ty
Package: ifvtex 2019/10/25 v1.7 ifvtex legacy package. Use iftex instead.
)
\Gm@cnth=\count301
\Gm@cntv=\count302
\c@Gm@tempcnt=\count303
\Gm@bindingoffset=\dimen164
\Gm@wd@mp=\dimen165
\Gm@odd@mp=\dimen166
\Gm@even@mp=\dimen167
\Gm@layoutwidth=\dimen168
\Gm@layoutheight=\dimen169
\Gm@layouthoffset=\dimen170
\Gm@layoutvoffset=\dimen171
\Gm@dimlist=\toks18

(C:\Users\Felipe Costa\AppData\Local\Programs\MiKTeX\tex/latex/geometry\geometr
y.cfg))
(C:\Users\Felipe Costa\AppData\Local\Programs\MiKTeX\tex/latex/pgf/math\pgfmath
.sty
(C:\Users\Felipe Costa\AppData\Local\Programs\MiKTeX\tex/latex/pgf/utilities\pg
frcs.sty
(C:\Users\Felipe Costa\AppData\Local\Programs\MiKTeX\tex/generic/pgf/utilities\
pgfutil-common.tex
\pgfutil@everybye=\toks19
\pgfutil@tempdima=\dimen172
\pgfutil@tempdimb=\dimen173
)
(C:\Users\Felipe Costa\AppData\Local\Programs\MiKTeX\tex/generic/pgf/utilities\
pgfutil-latex.def
\pgfutil@abb=\box62
)
(C:\Users\Felipe Costa\AppData\Local\Programs\MiKTeX\tex/generic/pgf/utilities\
pgfrcs.code.tex
(C:\Users\Felipe Costa\AppData\Local\Programs\MiKTeX\tex/generic/pgf\pgf.revisi
on.tex)
Package: pgfrcs 2025-08-29 v3.1.11a (3.1.11a)
))
(C:\Users\Felipe Costa\AppData\Local\Programs\MiKTeX\tex/latex/pgf/utilities\pg
fkeys.sty
(C:\Users\Felipe Costa\AppData\Local\Programs\MiKTeX\tex/generic/pgf/utilities\
pgfkeys.code.tex
\pgfkeys@pathtoks=\toks20
\pgfkeys@temptoks=\toks21

(C:\Users\Felipe Costa\AppData\Local\Programs\MiKTeX\tex/generic/pgf/utilities\
pgfkeyslibraryfiltered.code.tex
\pgfkeys@tmptoks=\toks22
)))
(C:\Users\Felipe Costa\AppData\Local\Programs\MiKTeX\tex/generic/pgf/math\pgfma
th.code.tex
(C:\Users\Felipe Costa\AppData\Local\Programs\MiKTeX\tex/generic/pgf/math\pgfma
thutil.code.tex
\pgf@x=\dimen174
\pgf@xa=\dimen175
\pgf@xb=\dimen176
\pgf@xc=\dimen177
\pgf@y=\dimen178
\pgf@ya=\dimen179
\pgf@yb=\dimen180
\pgf@yc=\dimen181
\c@pgf@counta=\count304
\c@pgf@countb=\count305
\c@pgf@countc=\count306
\c@pgf@countd=\count307
)
(C:\Users\Felipe Costa\AppData\Local\Programs\MiKTeX\tex/generic/pgf/math\pgfma
thparser.code.tex
\pgfmath@dimen=\dimen182
\pgfmath@count=\count308
\pgfmath@box=\box63
\pgfmath@toks=\toks23
\pgfmath@stack@operand=\toks24
\pgfmath@stack@operation=\toks25
)
(C:\Users\Felipe Costa\AppData\Local\Programs\MiKTeX\tex/generic/pgf/math\pgfma
thfunctions.code.tex)
(C:\Users\Felipe Costa\AppData\Local\Programs\MiKTeX\tex/generic/pgf/math\pgfma
thfunctions.basic.code.tex)
(C:\Users\Felipe Costa\AppData\Local\Programs\MiKTeX\tex/generic/pgf/math\pgfma
thfunctions.trigonometric.code.tex)
(C:\Users\Felipe Costa\AppData\Local\Programs\MiKTeX\tex/generic/pgf/math\pgfma
thfunctions.random.code.tex)
(C:\Users\Felipe Costa\AppData\Local\Programs\MiKTeX\tex/generic/pgf/math\pgfma
thfunctions.comparison.code.tex)
(C:\Users\Felipe Costa\AppData\Local\Programs\MiKTeX\tex/generic/pgf/math\pgfma
thfunctions.base.code.tex)
(C:\Users\Felipe Costa\AppData\Local\Programs\MiKTeX\tex/generic/pgf/math\pgfma
thfunctions.round.code.tex)
(C:\Users\Felipe Costa\AppData\Local\Programs\MiKTeX\tex/generic/pgf/math\pgfma
thfunctions.misc.code.tex)
(C:\Users\Felipe Costa\AppData\Local\Programs\MiKTeX\tex/generic/pgf/math\pgfma
thfunctions.integerarithmetics.code.tex)
(C:\Users\Felipe Costa\AppData\Local\Programs\MiKTeX\tex/generic/pgf/math\pgfma
thcalc.code.tex)
(C:\Users\Felipe Costa\AppData\Local\Programs\MiKTeX\tex/generic/pgf/math\pgfma
thfloat.code.tex
\c@pgfmathroundto@lastzeros=\count309
)))
(C:\Users\Felipe Costa\AppData\Local\Programs\MiKTeX\tex/latex/base\size11.clo
File: size11.clo 2025/01/22 v1.4n Standard LaTeX file (size option)
)
(C:\Users\Felipe Costa\AppData\Local\Programs\MiKTeX\tex/latex/pgf/basiclayer\p
gfcore.sty
(C:\Users\Felipe Costa\AppData\Local\Programs\MiKTeX\tex/latex/graphics\graphic
x.sty
Package: graphicx 2024/12/31 v1.2e Enhanced LaTeX Graphics (DPC,SPQR)

(C:\Users\Felipe Costa\AppData\Local\Programs\MiKTeX\tex/latex/graphics\graphic
s.sty
Package: graphics 2024/08/06 v1.4g Standard LaTeX Graphics (DPC,SPQR)

(C:\Users\Felipe Costa\AppData\Local\Programs\MiKTeX\tex/latex/graphics\trig.st
y
Package: trig 2023/12/02 v1.11 sin cos tan (DPC)
)
(C:\Users\Felipe Costa\AppData\Local\Programs\MiKTeX\tex/latex/graphics-cfg\gra
phics.cfg
File: graphics.cfg 2016/06/04 v1.11 sample graphics configuration
)
Package graphics Info: Driver file: pdftex.def on input line 106.

(C:\Users\Felipe Costa\AppData\Local\Programs\MiKTeX\tex/latex/graphics-def\pdf
tex.def
File: pdftex.def 2025/09/29 v1.2d Graphics/color driver for pdftex
))
\Gin@req@height=\dimen183
\Gin@req@width=\dimen184
)
(C:\Users\Felipe Costa\AppData\Local\Programs\MiKTeX\tex/latex/pgf/systemlayer\
pgfsys.sty
(C:\Users\Felipe Costa\AppData\Local\Programs\MiKTeX\tex/generic/pgf/systemlaye
r\pgfsys.code.tex
Package: pgfsys 2025-08-29 v3.1.11a (3.1.11a)
\pgf@x=\dimen185
\pgf@y=\dimen186
\pgf@xa=\dimen187
\pgf@ya=\dimen188
\pgf@xb=\dimen189
\pgf@yb=\dimen190
\pgf@xc=\dimen191
\pgf@yc=\dimen192
\pgf@xd=\dimen193
\pgf@yd=\dimen194
\w@pgf@writea=\write3
\r@pgf@reada=\read2
\c@pgf@counta=\count310
\c@pgf@countb=\count311
\c@pgf@countc=\count312
\c@pgf@countd=\count313
\t@pgf@toka=\toks26
\t@pgf@tokb=\toks27
\t@pgf@tokc=\toks28
\pgf@sys@id@count=\count314

(C:\Users\Felipe Costa\AppData\Local\Programs\MiKTeX\tex/generic/pgf/systemlaye
r\pgf.cfg
File: pgf.cfg 2025-08-29 v3.1.11a (3.1.11a)
)
Driver file for pgf: pgfsys-pdftex.def

(C:\Users\Felipe Costa\AppData\Local\Programs\MiKTeX\tex/generic/pgf/systemlaye
r\pgfsys-pdftex.def
File: pgfsys-pdftex.def 2025-08-29 v3.1.11a (3.1.11a)

(C:\Users\Felipe Costa\AppData\Local\Programs\MiKTeX\tex/generic/pgf/systemlaye
r\pgfsys-common-pdf.def
File: pgfsys-common-pdf.def 2025-08-29 v3.1.11a (3.1.11a)
)))
(C:\Users\Felipe Costa\AppData\Local\Programs\MiKTeX\tex/generic/pgf/systemlaye
r\pgfsyssoftpath.code.tex
File: pgfsyssoftpath.code.tex 2025-08-29 v3.1.11a (3.1.11a)
\pgfsyssoftpath@smallbuffer@items=\count315
\pgfsyssoftpath@bigbuffer@items=\count316
)
(C:\Users\Felipe Costa\AppData\Local\Programs\MiKTeX\tex/generic/pgf/systemlaye
r\pgfsysprotocol.code.tex
File: pgfsysprotocol.code.tex 2025-08-29 v3.1.11a (3.1.11a)
))
(C:\Users\Felipe Costa\AppData\Local\Programs\MiKTeX\tex/latex/xcolor\xcolor.st
y
Package: xcolor 2024/09/29 v3.02 LaTeX color extensions (UK)

(C:\Users\Felipe Costa\AppData\Local\Programs\MiKTeX\tex/latex/graphics-cfg\col
or.cfg
File: color.cfg 2016/01/02 v1.6 sample color configuration
)
Package xcolor Info: Driver file: pdftex.def on input line 274.

(C:\Users\Felipe Costa\AppData\Local\Programs\MiKTeX\tex/latex/graphics\mathcol
or.ltx)
Package xcolor Info: Model `cmy' substituted by `cmy0' on input line 1349.
Package xcolor Info: Model `hsb' substituted by `rgb' on input line 1353.
Package xcolor Info: Model `RGB' extended on input line 1365.
Package xcolor Info: Model `HTML' substituted by `rgb' on input line 1367.
Package xcolor Info: Model `Hsb' substituted by `hsb' on input line 1368.
Package xcolor Info: Model `tHsb' substituted by `hsb' on input line 1369.
Package xcolor Info: Model `HSB' substituted by `hsb' on input line 1370.
Package xcolor Info: Model `Gray' substituted by `gray' on input line 1371.
Package xcolor Info: Model `wave' substituted by `hsb' on input line 1372.
)
(C:\Users\Felipe Costa\AppData\Local\Programs\MiKTeX\tex/generic/pgf/basiclayer
\pgfcore.code.tex
Package: pgfcore 2025-08-29 v3.1.11a (3.1.11a)

(C:\Users\Felipe Costa\AppData\Local\Programs\MiKTeX\tex/generic/pgf/math\pgfin
t.code.tex)
(C:\Users\Felipe Costa\AppData\Local\Programs\MiKTeX\tex/generic/pgf/basiclayer
\pgfcorepoints.code.tex
File: pgfcorepoints.code.tex 2025-08-29 v3.1.11a (3.1.11a)
\pgf@picminx=\dimen195
\pgf@picmaxx=\dimen196
\pgf@picminy=\dimen197
\pgf@picmaxy=\dimen198
\pgf@pathminx=\dimen199
\pgf@pathmaxx=\dimen256
\pgf@pathminy=\dimen257
\pgf@pathmaxy=\dimen258
\pgf@xx=\dimen259
\pgf@xy=\dimen260
\pgf@yx=\dimen261
\pgf@yy=\dimen262
\pgf@zx=\dimen263
\pgf@zy=\dimen264
)
(C:\Users\Felipe Costa\AppData\Local\Programs\MiKTeX\tex/generic/pgf/basiclayer
\pgfcorepathconstruct.code.tex
File: pgfcorepathconstruct.code.tex 2025-08-29 v3.1.11a (3.1.11a)
\pgf@path@lastx=\dimen265
\pgf@path@lasty=\dimen266
)
(C:\Users\Felipe Costa\AppData\Local\Programs\MiKTeX\tex/generic/pgf/basiclayer
\pgfcorepathusage.code.tex
File: pgfcorepathusage.code.tex 2025-08-29 v3.1.11a (3.1.11a)
\pgf@shorten@end@additional=\dimen267
\pgf@shorten@start@additional=\dimen268
)
(C:\Users\Felipe Costa\AppData\Local\Programs\MiKTeX\tex/generic/pgf/basiclayer
\pgfcorescopes.code.tex
File: pgfcorescopes.code.tex 2025-08-29 v3.1.11a (3.1.11a)
\pgfpic=\box64
\pgf@hbox=\box65
\pgf@layerbox@main=\box66
\pgf@picture@serial@count=\count317
)
(C:\Users\Felipe Costa\AppData\Local\Programs\MiKTeX\tex/generic/pgf/basiclayer
\pgfcoregraphicstate.code.tex
File: pgfcoregraphicstate.code.tex 2025-08-29 v3.1.11a (3.1.11a)
\pgflinewidth=\dimen269
)
(C:\Users\Felipe Costa\AppData\Local\Programs\MiKTeX\tex/generic/pgf/basiclayer
\pgfcoretransformations.code.tex
File: pgfcoretransformations.code.tex 2025-08-29 v3.1.11a (3.1.11a)
\pgf@pt@x=\dimen270
\pgf@pt@y=\dimen271
\pgf@pt@temp=\dimen272
)
(C:\Users\Felipe Costa\AppData\Local\Programs\MiKTeX\tex/generic/pgf/basiclayer
\pgfcorequick.code.tex
File: pgfcorequick.code.tex 2025-08-29 v3.1.11a (3.1.11a)
)
(C:\Users\Felipe Costa\AppData\Local\Programs\MiKTeX\tex/generic/pgf/basiclayer
\pgfcoreobjects.code.tex
File: pgfcoreobjects.code.tex 2025-08-29 v3.1.11a (3.1.11a)
)
(C:\Users\Felipe Costa\AppData\Local\Programs\MiKTeX\tex/generic/pgf/basiclayer
\pgfcorepathprocessing.code.tex
File: pgfcorepathprocessing.code.tex 2025-08-29 v3.1.11a (3.1.11a)
)
(C:\Users\Felipe Costa\AppData\Local\Programs\MiKTeX\tex/generic/pgf/basiclayer
\pgfcorearrows.code.tex
File: pgfcorearrows.code.tex 2025-08-29 v3.1.11a (3.1.11a)
\pgfarrowsep=\dimen273
)
(C:\Users\Felipe Costa\AppData\Local\Programs\MiKTeX\tex/generic/pgf/basiclayer
\pgfcoreshade.code.tex
File: pgfcoreshade.code.tex 2025-08-29 v3.1.11a (3.1.11a)
\pgf@max=\dimen274
\pgf@sys@shading@range@num=\count318
\pgf@shadingcount=\count319
)
(C:\Users\Felipe Costa\AppData\Local\Programs\MiKTeX\tex/generic/pgf/basiclayer
\pgfcoreimage.code.tex
File: pgfcoreimage.code.tex 2025-08-29 v3.1.11a (3.1.11a)
)
(C:\Users\Felipe Costa\AppData\Local\Programs\MiKTeX\tex/generic/pgf/basiclayer
\pgfcoreexternal.code.tex
File: pgfcoreexternal.code.tex 2025-08-29 v3.1.11a (3.1.11a)
\pgfexternal@startupbox=\box67
)
(C:\Users\Felipe Costa\AppData\Local\Programs\MiKTeX\tex/generic/pgf/basiclayer
\pgfcorelayers.code.tex
File: pgfcorelayers.code.tex 2025-08-29 v3.1.11a (3.1.11a)
)
(C:\Users\Felipe Costa\AppData\Local\Programs\MiKTeX\tex/generic/pgf/basiclayer
\pgfcoretransparency.code.tex
File: pgfcoretransparency.code.tex 2025-08-29 v3.1.11a (3.1.11a)
)
(C:\Users\Felipe Costa\AppData\Local\Programs\MiKTeX\tex/generic/pgf/basiclayer
\pgfcorepatterns.code.tex
File: pgfcorepatterns.code.tex 2025-08-29 v3.1.11a (3.1.11a)
)
(C:\Users\Felipe Costa\AppData\Local\Programs\MiKTeX\tex/generic/pgf/basiclayer
\pgfcorerdf.code.tex
File: pgfcorerdf.code.tex 2025-08-29 v3.1.11a (3.1.11a)
)))
(C:\Users\Felipe Costa\AppData\Local\Programs\MiKTeX\tex/latex/pgf/utilities\xx
color.sty
Package: xxcolor 2003/10/24 ver 0.1
\XC@nummixins=\count320
\XC@countmixins=\count321
)
(C:\Users\Felipe Costa\AppData\Local\Programs\MiKTeX\tex/latex/base\atbegshi-lt
x.sty
Package: atbegshi-ltx 2021/01/10 v1.0c Emulation of the original atbegshi
package with kernel methods
)
(C:\Users\Felipe Costa\AppData\Local\Programs\MiKTeX\tex/latex/hyperref\hyperre
f.sty
Package: hyperref 2025-07-12 v7.01o Hypertext links for LaTeX

(C:\Users\Felipe Costa\AppData\Local\Programs\MiKTeX\tex/latex/kvsetkeys\kvsetk
eys.sty
Package: kvsetkeys 2022-10-05 v1.19 Key value parser (HO)
)
(C:\Users\Felipe Costa\AppData\Local\Programs\MiKTeX\tex/generic/kvdefinekeys\k
vdefinekeys.sty
Package: kvdefinekeys 2019-12-19 v1.6 Define keys (HO)
)
(C:\Users\Felipe Costa\AppData\Local\Programs\MiKTeX\tex/generic/pdfescape\pdfe
scape.sty
Package: pdfescape 2019/12/09 v1.15 Implements pdfTeX's escape features (HO)

(C:\Users\Felipe Costa\AppData\Local\Programs\MiKTeX\tex/generic/ltxcmds\ltxcmd
s.sty
Package: ltxcmds 2023-12-04 v1.26 LaTeX kernel commands for general use (HO)
)
(C:\Users\Felipe Costa\AppData\Local\Programs\MiKTeX\tex/generic/pdftexcmds\pdf
texcmds.sty
Package: pdftexcmds 2020-06-27 v0.33 Utility functions of pdfTeX for LuaTeX (HO
)

(C:\Users\Felipe Costa\AppData\Local\Programs\MiKTeX\tex/generic/infwarerr\infw
arerr.sty
Package: infwarerr 2019/12/03 v1.5 Providing info/warning/error messages (HO)
)
Package pdftexcmds Info: \pdf@primitive is available.
Package pdftexcmds Info: \pdf@ifprimitive is available.
Package pdftexcmds Info: \pdfdraftmode found.
))
(C:\Users\Felipe Costa\AppData\Local\Programs\MiKTeX\tex/latex/hycolor\hycolor.
sty
Package: hycolor 2020-01-27 v1.10 Color options for hyperref/bookmark (HO)
)
(C:\Users\Felipe Costa\AppData\Local\Programs\MiKTeX\tex/latex/hyperref\nameref
.sty
Package: nameref 2025-06-21 v2.57 Cross-referencing by name of section

(C:\Users\Felipe Costa\AppData\Local\Programs\MiKTeX\tex/latex/refcount\refcoun
t.sty
Package: refcount 2019/12/15 v3.6 Data extraction from label references (HO)
)
(C:\Users\Felipe Costa\AppData\Local\Programs\MiKTeX\tex/generic/gettitlestring
\gettitlestring.sty
Package: gettitlestring 2019/12/15 v1.6 Cleanup title references (HO)

(C:\Users\Felipe Costa\AppData\Local\Programs\MiKTeX\tex/latex/kvoptions\kvopti
ons.sty
Package: kvoptions 2022-06-15 v3.15 Key value format for package options (HO)
))
\c@section@level=\count322
)
(C:\Users\Felipe Costa\AppData\Local\Programs\MiKTeX\tex/generic/stringenc\stri
ngenc.sty
Package: stringenc 2019/11/29 v1.12 Convert strings between diff. encodings (HO
)
)
\@linkdim=\dimen275
\Hy@linkcounter=\count323
\Hy@pagecounter=\count324

(C:\Users\Felipe Costa\AppData\Local\Programs\MiKTeX\tex/latex/hyperref\pd1enc.
def
File: pd1enc.def 2025-07-12 v7.01o Hyperref: PDFDocEncoding definition (HO)
Now handling font encoding PD1 ...
... no UTF-8 mapping file for font encoding PD1
)
(C:\Users\Felipe Costa\AppData\Local\Programs\MiKTeX\tex/generic/intcalc\intcal
c.sty
Package: intcalc 2019/12/15 v1.3 Expandable calculations with integers (HO)
)
\Hy@SavedSpaceFactor=\count325

(C:\Users\Felipe Costa\AppData\Local\Programs\MiKTeX\tex/latex/hyperref\puenc.d
ef
File: puenc.def 2025-07-12 v7.01o Hyperref: PDF Unicode definition (HO)
Now handling font encoding PU ...
... no UTF-8 mapping file for font encoding PU
)
Package hyperref Info: Option `bookmarks' set `true' on input line 4066.
Package hyperref Info: Option `bookmarksopen' set `true' on input line 4066.
Package hyperref Info: Option `implicit' set `false' on input line 4066.
Package hyperref Info: Hyper figures OFF on input line 4195.
Package hyperref Info: Link nesting OFF on input line 4200.
Package hyperref Info: Hyper index ON on input line 4203.
Package hyperref Info: Plain pages OFF on input line 4210.
Package hyperref Info: Backreferencing OFF on input line 4215.
Package hyperref Info: Implicit mode OFF; no redefinition of LaTeX internals.
Package hyperref Info: Bookmarks ON on input line 4462.
\c@Hy@tempcnt=\count326
 (C:\Users\Felipe Costa\AppData\Local\Programs\MiKTeX\tex/latex/url\url.sty
\Urlmuskip=\muskip17
Package: url 2013/09/16  ver 3.4  Verb mode for urls, etc.
)
LaTeX Info: Redefining \url on input line 4801.
\XeTeXLinkMargin=\dimen276

(C:\Users\Felipe Costa\AppData\Local\Programs\MiKTeX\tex/generic/bitset\bitset.
sty
Package: bitset 2019/12/09 v1.3 Handle bit-vector datatype (HO)

(C:\Users\Felipe Costa\AppData\Local\Programs\MiKTeX\tex/generic/bigintcalc\big
intcalc.sty
Package: bigintcalc 2019/12/15 v1.5 Expandable calculations on big integers (HO
)
))
\Fld@menulength=\count327
\Field@Width=\dimen277
\Fld@charsize=\dimen278
Package hyperref Info: Hyper figures OFF on input line 6078.
Package hyperref Info: Link nesting OFF on input line 6083.
Package hyperref Info: Hyper index ON on input line 6086.
Package hyperref Info: backreferencing OFF on input line 6093.
Package hyperref Info: Link coloring OFF on input line 6098.
Package hyperref Info: Link coloring with OCG OFF on input line 6103.
Package hyperref Info: PDF/A mode OFF on input line 6108.
\Hy@abspage=\count328


Package hyperref Message: Stopped early.

)
Package hyperref Info: Driver (autodetected): hpdftex.

(C:\Users\Felipe Costa\AppData\Local\Programs\MiKTeX\tex/latex/hyperref\hpdftex
.def
File: hpdftex.def 2025-07-12 v7.01o Hyperref driver for pdfTeX
\Fld@listcount=\count329
\c@bookmark@seq@number=\count330

(C:\Users\Felipe Costa\AppData\Local\Programs\MiKTeX\tex/latex/rerunfilecheck\r
erunfilecheck.sty
Package: rerunfilecheck 2025-06-21 v1.11 Rerun checks for auxiliary files (HO)

(C:\Users\Felipe Costa\AppData\Local\Programs\MiKTeX\tex/generic/uniquecounter\
uniquecounter.sty
Package: uniquecounter 2019/12/15 v1.4 Provide unlimited unique counter (HO)
)
Package uniquecounter Info: New unique counter `rerunfilecheck' on input line 2
84.
))
(C:\Users\Felipe Costa\AppData\Local\Programs\MiKTeX\tex/latex/beamer\beamerbas
erequires.sty
(C:\Users\Felipe Costa\AppData\Local\Programs\MiKTeX\tex/latex/beamer\beamerbas
ecompatibility.sty)
(C:\Users\Felipe Costa\AppData\Local\Programs\MiKTeX\tex/latex/beamer\beamerbas
efont.sty
(C:\Users\Felipe Costa\AppData\Local\Programs\MiKTeX\tex/latex/amsfonts\amssymb
.sty
Package: amssymb 2013/01/14 v3.01 AMS font symbols

(C:\Users\Felipe Costa\AppData\Local\Programs\MiKTeX\tex/latex/amsfonts\amsfont
s.sty
Package: amsfonts 2013/01/14 v3.01 Basic AMSFonts support
\@emptytoks=\toks29
\symAMSa=\mathgroup4
\symAMSb=\mathgroup5
LaTeX Font Info:    Redeclaring math symbol \hbar on input line 98.
LaTeX Font Info:    Overwriting math alphabet `\mathfrak' in version `bold'
(Font)                  U/euf/m/n --> U/euf/b/n on input line 106.
))
(C:\Users\Felipe Costa\AppData\Local\Programs\MiKTeX\tex/latex/sansmathaccent\s
ansmathaccent.sty
Package: sansmathaccent 2020/01/31

(C:\Users\Felipe Costa\AppData\Local\Programs\MiKTeX\tex/latex/koma-script\scrl
file.sty
Package: scrlfile 2026/02/02 v3.49.2 KOMA-Script package (file load hooks)

(C:\Users\Felipe Costa\AppData\Local\Programs\MiKTeX\tex/latex/koma-script\scrl
file-hook.sty
Package: scrlfile-hook 2026/02/02 v3.49.2 KOMA-Script package (using LaTeX hook
s)

(C:\Users\Felipe Costa\AppData\Local\Programs\MiKTeX\tex/latex/koma-script\scrl
ogo.sty
Package: scrlogo 2026/02/02 v3.49.2 KOMA-Script package (logo)
)))))
(C:\Users\Felipe Costa\AppData\Local\Programs\MiKTeX\tex/latex/beamer\beamerbas
etranslator.sty
(C:\Users\Felipe Costa\AppData\Local\Programs\MiKTeX\tex/latex/translator\trans
lator.sty
Package: translator 2021-05-31 v1.12d Easy translation of strings in LaTeX
))
(C:\Users\Felipe Costa\AppData\Local\Programs\MiKTeX\tex/latex/beamer\beamerbas
emisc.sty)
(C:\Users\Felipe Costa\AppData\Local\Programs\MiKTeX\tex/latex/beamer\beamerbas
etwoscreens.sty)
(C:\Users\Felipe Costa\AppData\Local\Programs\MiKTeX\tex/latex/beamer\beamerbas
eoverlay.sty
\beamer@argscount=\count331
\beamer@lastskipcover=\skip52
\beamer@trivlistdepth=\count332
)
(C:\Users\Felipe Costa\AppData\Local\Programs\MiKTeX\tex/latex/beamer\beamerbas
etitle.sty)
(C:\Users\Felipe Costa\AppData\Local\Programs\MiKTeX\tex/latex/beamer\beamerbas
esection.sty
\c@lecture=\count333
\c@part=\count334
\c@section=\count335
\c@subsection=\count336
\c@subsubsection=\count337
)
(C:\Users\Felipe Costa\AppData\Local\Programs\MiKTeX\tex/latex/beamer\beamerbas
eframe.sty
\beamer@framebox=\box68
\beamer@frametitlebox=\box69
\beamer@zoombox=\box70
\beamer@zoomcount=\count338
\beamer@zoomframecount=\count339
\beamer@frametextheight=\dimen279
\c@subsectionslide=\count340
\beamer@frametopskip=\skip53
\beamer@framebottomskip=\skip54
\beamer@frametopskipautobreak=\skip55
\beamer@framebottomskipautobreak=\skip56
\beamer@envbody=\toks30
\framewidth=\dimen280
\c@framenumber=\count341
)
(C:\Users\Felipe Costa\AppData\Local\Programs\MiKTeX\tex/latex/beamer\beamerbas
everbatim.sty
\beamer@verbatimfileout=\write4
)
(C:\Users\Felipe Costa\AppData\Local\Programs\MiKTeX\tex/latex/beamer\beamerbas
eframesize.sty
\beamer@splitbox=\box71
\beamer@autobreakcount=\count342
\beamer@autobreaklastheight=\dimen281
\beamer@frametitletoks=\toks31
\beamer@framesubtitletoks=\toks32
)
(C:\Users\Felipe Costa\AppData\Local\Programs\MiKTeX\tex/latex/beamer\beamerbas
eframecomponents.sty
\beamer@colheight=\skip57
\beamer@footins=\box72
)
(C:\Users\Felipe Costa\AppData\Local\Programs\MiKTeX\tex/latex/beamer\beamerbas
ecolor.sty)
(C:\Users\Felipe Costa\AppData\Local\Programs\MiKTeX\tex/latex/beamer\beamerbas
enotes.sty
\beamer@frameboxcopy=\box73
)
(C:\Users\Felipe Costa\AppData\Local\Programs\MiKTeX\tex/latex/beamer\beamerbas
etoc.sty)
(C:\Users\Felipe Costa\AppData\Local\Programs\MiKTeX\tex/latex/beamer\beamerbas
etemplates.sty
\beamer@sbttoks=\toks33

(C:\Users\Felipe Costa\AppData\Local\Programs\MiKTeX\tex/latex/beamer\beamerbas
eauxtemplates.sty
(C:\Users\Felipe Costa\AppData\Local\Programs\MiKTeX\tex/latex/beamer\beamerbas
eboxes.sty
\bmb@box=\box74
\bmb@colorbox=\box75
\bmb@boxwidth=\dimen282
\bmb@boxheight=\dimen283
\bmb@prevheight=\dimen284
\bmb@temp=\dimen285
\bmb@dima=\dimen286
\bmb@dimb=\dimen287
\bmb@prevheight=\dimen288
)
\beamer@blockheadheight=\dimen289
))
(C:\Users\Felipe Costa\AppData\Local\Programs\MiKTeX\tex/latex/beamer\beamerbas
elocalstructure.sty
(C:\Users\Felipe Costa\AppData\Local\Programs\MiKTeX\tex/latex/tools\enumerate.
sty
Package: enumerate 2023/07/04 v3.00 enumerate extensions (DPC)
\@enLab=\toks34
)
\beamer@bibiconwidth=\skip58
\c@figure=\count343
\c@table=\count344
\abovecaptionskip=\skip59
\belowcaptionskip=\skip60
)
(C:\Users\Felipe Costa\AppData\Local\Programs\MiKTeX\tex/latex/beamer\beamerbas
enavigation.sty
(C:\Users\Felipe Costa\AppData\Local\Programs\MiKTeX\tex/latex/beamer\beamerbas
enavigationsymbols.tex)
\beamer@section@min@dim=\dimen290
)
(C:\Users\Felipe Costa\AppData\Local\Programs\MiKTeX\tex/latex/beamer\beamerbas
etheorems.sty
(C:\Users\Felipe Costa\AppData\Local\Programs\MiKTeX\tex/latex/amsmath\amsmath.
sty
Package: amsmath 2025/07/09 v2.17z AMS math features
\@mathmargin=\skip61

For additional information on amsmath, use the `?' option.

(C:\Users\Felipe Costa\AppData\Local\Programs\MiKTeX\tex/latex/amsmath\amstext.
sty
Package: amstext 2024/11/17 v2.01 AMS text

(C:\Users\Felipe Costa\AppData\Local\Programs\MiKTeX\tex/latex/amsmath\amsgen.s
ty
File: amsgen.sty 1999/11/30 v2.0 generic functions
\@emptytoks=\toks35
\ex@=\dimen291
))
(C:\Users\Felipe Costa\AppData\Local\Programs\MiKTeX\tex/latex/amsmath\amsbsy.s
ty
Package: amsbsy 1999/11/29 v1.2d Bold Symbols
\pmbraise@=\dimen292
)
(C:\Users\Felipe Costa\AppData\Local\Programs\MiKTeX\tex/latex/amsmath\amsopn.s
ty
Package: amsopn 2022/04/08 v2.04 operator names
)
\inf@bad=\count345
LaTeX Info: Redefining \frac on input line 233.
\uproot@=\count346
\leftroot@=\count347
LaTeX Info: Redefining \overline on input line 398.
LaTeX Info: Redefining \colon on input line 409.
\classnum@=\count348
\DOTSCASE@=\count349
LaTeX Info: Redefining \ldots on input line 495.
LaTeX Info: Redefining \dots on input line 498.
LaTeX Info: Redefining \cdots on input line 619.
\Mathstrutbox@=\box76
\strutbox@=\box77
LaTeX Info: Redefining \big on input line 721.
LaTeX Info: Redefining \Big on input line 722.
LaTeX Info: Redefining \bigg on input line 723.
LaTeX Info: Redefining \Bigg on input line 724.
\big@size=\dimen293
LaTeX Font Info:    Redeclaring font encoding OML on input line 742.
LaTeX Font Info:    Redeclaring font encoding OMS on input line 743.
\macc@depth=\count350
LaTeX Info: Redefining \bmod on input line 904.
LaTeX Info: Redefining \pmod on input line 909.
LaTeX Info: Redefining \smash on input line 939.
LaTeX Info: Redefining \relbar on input line 969.
LaTeX Info: Redefining \Relbar on input line 970.
\c@MaxMatrixCols=\count351
\dotsspace@=\muskip18
\c@parentequation=\count352
\dspbrk@lvl=\count353
\tag@help=\toks36
\row@=\count354
\column@=\count355
\maxfields@=\count356
\andhelp@=\toks37
\eqnshift@=\dimen294
\alignsep@=\dimen295
\tagshift@=\dimen296
\tagwidth@=\dimen297
\totwidth@=\dimen298
\lineht@=\dimen299
\@envbody=\toks38
\multlinegap=\skip62
\multlinetaggap=\skip63
\mathdisplay@stack=\toks39
LaTeX Info: Redefining \[ on input line 2950.
LaTeX Info: Redefining \] on input line 2951.
)
(C:\Users\Felipe Costa\AppData\Local\Programs\MiKTeX\tex/latex/amscls\amsthm.st
y
Package: amsthm 2020/05/29 v2.20.6
\thm@style=\toks40
\thm@bodyfont=\toks41
\thm@headfont=\toks42
\thm@notefont=\toks43
\thm@headpunct=\toks44
\thm@preskip=\skip64
\thm@postskip=\skip65
\thm@headsep=\skip66
\dth@everypar=\toks45
)
\c@theorem=\count357
)
(C:\Users\Felipe Costa\AppData\Local\Programs\MiKTeX\tex/latex/beamer\beamerbas
ethemes.sty))
(C:\Users\Felipe Costa\AppData\Local\Programs\MiKTeX\tex/latex/beamer\beamerthe
medefault.sty
(C:\Users\Felipe Costa\AppData\Local\Programs\MiKTeX\tex/latex/beamer\beamerfon
tthemedefault.sty)
(C:\Users\Felipe Costa\AppData\Local\Programs\MiKTeX\tex/latex/beamer\beamercol
orthemedefault.sty)
(C:\Users\Felipe Costa\AppData\Local\Programs\MiKTeX\tex/latex/beamer\beamerinn
erthemedefault.sty
\beamer@dima=\dimen300
\beamer@dimb=\dimen301
)
(C:\Users\Felipe Costa\AppData\Local\Programs\MiKTeX\tex/latex/beamer\beamerout
erthemedefault.sty)))
(C:\Users\Felipe Costa\AppData\Local\Programs\MiKTeX\tex/latex/beamer\beamerthe
meMadrid.sty
(C:\Users\Felipe Costa\AppData\Local\Programs\MiKTeX\tex/latex/beamer\beamercol
orthemewhale.sty)
(C:\Users\Felipe Costa\AppData\Local\Programs\MiKTeX\tex/latex/beamer\beamercol
orthemeorchid.sty)
(C:\Users\Felipe Costa\AppData\Local\Programs\MiKTeX\tex/latex/beamer\beamerinn
erthemerounded.sty)
(C:\Users\Felipe Costa\AppData\Local\Programs\MiKTeX\tex/latex/beamer\beamerout
erthemeinfolines.sty))
(C:\Users\Felipe Costa\AppData\Local\Programs\MiKTeX\tex/latex/beamer\beamerinn
erthemecircles.sty)
(C:\Users\Felipe Costa\AppData\Local\Programs\MiKTeX\tex/generic/babel\babel.st
y
Package: babel 2025/12/11 v25.17 The multilingual framework for LuaLaTeX, pdfLa
TeX and XeLaTeX
\babel@savecnt=\count358
LaTeX Encoding Info:    Redeclaring text command \ij (encoding OT1) on input li
ne 2068.
LaTeX Encoding Info:    Redeclaring text command \IJ (encoding OT1) on input li
ne 2070.
LaTeX Encoding Info:    Redeclaring text command \ij (encoding T1) on input lin
e 2072.
LaTeX Encoding Info:    Redeclaring text command \IJ (encoding T1) on input lin
e 2073.
LaTeX Encoding Info:    Ignoring declaration for text command \ij (encoding ?) 
on input line 2074.
LaTeX Encoding Info:    Ignoring declaration for text command \IJ (encoding ?) 
on input line 2076.
LaTeX Encoding Info:    Ignoring declaration for text command \SS (encoding ?) 
on input line 2101.
\U@D=\dimen302
\l@unhyphenated=\language79

(C:\Users\Felipe Costa\AppData\Local\Programs\MiKTeX\tex/generic/babel\txtbabel
.def)
\bbl@readstream=\read3
LaTeX Info: Redefining \textlatin on input line 3963.
\bbl@dirlevel=\count359
Package babel Info: Configuration files are deprecated, as
(babel)             they can break document portability.
(babel)             Reported on input line 4196.

*************************************
* Local config file bblopts.cfg used
*

(C:\Users\Felipe Costa\AppData\Local\Programs\MiKTeX\tex/latex/arabi\bblopts.cf
g
File: bblopts.cfg 2005/09/08 v0.1 add Arabic and Farsi to "declared" options of
 babel
)
(C:\Users\Felipe Costa\AppData\Local\Programs\MiKTeX\tex/generic/babel/locale/p
t\babel-brazilian.tex)
Package babel Info: Importing font and identification data for brazilian
(babel)             from babel-pt-BR.ini. Reported on input line 4320.

(C:\Users\Felipe Costa\AppData\Local\Programs\MiKTeX\tex/latex/babel-portuges\b
razilian.ldf
Language: portuges 2026/01/24 v1.2u Portuguese support from the babel system
Package babel Info: Hyphen rules for 'brazilian' set to \l@portuguese
(babel)             (\language56). Reported on input line 100.
Package babel Info: Making " an active character on input line 132.
))
(C:\Users\Felipe Costa\AppData\Local\Programs\MiKTeX\tex/latex/base\inputenc.st
y
Package: inputenc 2024/02/08 v1.3d Input encoding file
\inpenc@prehook=\toks46
\inpenc@posthook=\toks47
)
(C:\Users\Felipe Costa\AppData\Local\Programs\MiKTeX\tex/latex/mathtools\mathto
ols.sty
Package: mathtools 2024/10/04 v1.31 mathematical typesetting tools

(C:\Users\Felipe Costa\AppData\Local\Programs\MiKTeX\tex/latex/tools\calc.sty
Package: calc 2025/03/01 v4.3b Infix arithmetic (KKT,FJ)
\calc@Acount=\count360
\calc@Bcount=\count361
\calc@Adimen=\dimen303
\calc@Bdimen=\dimen304
\calc@Askip=\skip67
\calc@Bskip=\skip68
LaTeX Info: Redefining \setlength on input line 86.
LaTeX Info: Redefining \addtolength on input line 87.
\calc@Ccount=\count362
\calc@Cskip=\skip69
)
(C:\Users\Felipe Costa\AppData\Local\Programs\MiKTeX\tex/latex/mathtools\mhsetu
p.sty
Package: mhsetup 2021/03/18 v1.4 programming setup (MH)
)
\g_MT_multlinerow_int=\count363
\l_MT_multwidth_dim=\dimen305
\origjot=\skip70
\l_MT_shortvdotswithinadjustabove_dim=\dimen306
\l_MT_shortvdotswithinadjustbelow_dim=\dimen307
\l_MT_above_intertext_sep=\dimen308
\l_MT_below_intertext_sep=\dimen309
\l_MT_above_shortintertext_sep=\dimen310
\l_MT_below_shortintertext_sep=\dimen311
\xmathstrut@box=\box78
\xmathstrut@dim=\dimen312
)
(C:\Users\Felipe Costa\AppData\Local\Programs\MiKTeX\tex/latex/booktabs\booktab
s.sty
Package: booktabs 2020/01/12 v1.61803398 Publication quality tables
\heavyrulewidth=\dimen313
\lightrulewidth=\dimen314
\cmidrulewidth=\dimen315
\belowrulesep=\dimen316
\belowbottomsep=\dimen317
\aboverulesep=\dimen318
\abovetopsep=\dimen319
\cmidrulesep=\dimen320
\cmidrulekern=\dimen321
\defaultaddspace=\dimen322
\@cmidla=\count364
\@cmidlb=\count365
\@aboverulesep=\dimen323
\@belowrulesep=\dimen324
\@thisruleclass=\count366
\@lastruleclass=\count367
\@thisrulewidth=\dimen325
)
(C:\Users\Felipe Costa\AppData\Local\Programs\MiKTeX\tex/latex/tools\array.sty
Package: array 2025/09/25 v2.6n Tabular extension package (FMi)
\col@sep=\dimen326
\ar@mcellbox=\box79
\extrarowheight=\dimen327
\NC@list=\toks48
\extratabsurround=\skip71
\backup@length=\skip72
\ar@cellbox=\box80
) (C:\Users\Felipe Costa\AppData\Local\Programs\MiKTeX\tex/latex/xurl\xurl.sty
Package: xurl 2022/01/09 v 0.10 modify URL breaks
)
(C:\Users\Felipe Costa\AppData\Local\Programs\MiKTeX\tex/latex/l3backend\l3back
end-pdftex.def
File: l3backend-pdftex.def 2025-10-09 L3 backend support: PDF output (pdfTeX)
\l__color_backend_stack_int=\count368
)
(C:\Users\Felipe Costa\Downloads\BACKUP\Downloads\TP_RP_2026_1\versão_2\latex\
apresentacao\apresentacao_vias.aux
Package babel Info: 'brazilian' activates 'portuges' shorthands.
(babel)             Reported on input line 8.
)
\openout1 = `apresentacao_vias.aux'.

LaTeX Font Info:    Checking defaults for OML/cmm/m/it on input line 27.
LaTeX Font Info:    ... okay on input line 27.
LaTeX Font Info:    Checking defaults for OMS/cmsy/m/n on input line 27.
LaTeX Font Info:    ... okay on input line 27.
LaTeX Font Info:    Checking defaults for OT1/cmr/m/n on input line 27.
LaTeX Font Info:    ... okay on input line 27.
LaTeX Font Info:    Checking defaults for T1/cmr/m/n on input line 27.
LaTeX Font Info:    ... okay on input line 27.
LaTeX Font Info:    Checking defaults for TS1/cmr/m/n on input line 27.
LaTeX Font Info:    ... okay on input line 27.
LaTeX Font Info:    Checking defaults for OMX/cmex/m/n on input line 27.
LaTeX Font Info:    ... okay on input line 27.
LaTeX Font Info:    Checking defaults for U/cmr/m/n on input line 27.
LaTeX Font Info:    ... okay on input line 27.
LaTeX Font Info:    Checking defaults for PD1/pdf/m/n on input line 27.
LaTeX Font Info:    ... okay on input line 27.
LaTeX Font Info:    Checking defaults for PU/pdf/m/n on input line 27.
LaTeX Font Info:    ... okay on input line 27.

*geometry* driver: auto-detecting
*geometry* detected driver: pdftex
*geometry* verbose mode - [ preamble ] result:
* driver: pdftex
* paper: custom
* layout: <same size as paper>
* layoutoffset:(h,v)=(0.0pt,0.0pt)
* modes: includehead includefoot 
* h-part:(L,W,R)=(10.95003pt, 342.2953pt, 10.95003pt)
* v-part:(T,H,B)=(0.0pt, 273.14662pt, 0.0pt)
* \paperwidth=364.19536pt
* \paperheight=273.14662pt
* \textwidth=342.2953pt
* \textheight=244.6939pt
* \oddsidemargin=-61.31996pt
* \evensidemargin=-61.31996pt
* \topmargin=-72.26999pt
* \headheight=14.22636pt
* \headsep=0.0pt
* \topskip=11.0pt
* \footskip=14.22636pt
* \marginparwidth=4.0pt
* \marginparsep=10.0pt
* \columnsep=10.0pt
* \skip\footins=10.0pt plus 4.0pt minus 2.0pt
* \hoffset=0.0pt
* \voffset=0.0pt
* \mag=1000
* \@twocolumnfalse
* \@twosidefalse
* \@mparswitchfalse
* \@reversemarginfalse
* (1in=72.27pt=25.4mm, 1cm=28.453pt)


(C:\Users\Felipe Costa\AppData\Local\Programs\MiKTeX\tex/context/base/mkii\supp
-pdf.mkii
[Loading MPS to PDF converter (version 2006.09.02).]
\scratchcounter=\count369
\scratchdimen=\dimen328
\scratchbox=\box81
\nofMPsegments=\count370
\nofMParguments=\count371
\everyMPshowfont=\toks49
\MPscratchCnt=\count372
\MPscratchDim=\dimen329
\MPnumerator=\count373
\makeMPintoPDFobject=\count374
\everyMPtoPDFconversion=\toks50
)
(C:\Users\Felipe Costa\AppData\Local\Programs\MiKTeX\tex/latex/epstopdf-pkg\eps
topdf-base.sty
Package: epstopdf-base 2020-01-24 v2.11 Base part for package epstopdf
Package epstopdf-base Info: Redefining graphics rule for `.eps' on input line 4
85.

(C:\Users\Felipe Costa\AppData\Local\Programs\MiKTeX\tex/latex/00miktex\epstopd
f-sys.cfg
File: epstopdf-sys.cfg 2021/03/18 v2.0 Configuration of epstopdf for MiKTeX
))
Package hyperref Info: Link coloring OFF on input line 27.

(C:\Users\Felipe Costa\Downloads\BACKUP\Downloads\TP_RP_2026_1\versão_2\latex\
apresentacao\apresentacao_vias.out)
(C:\Users\Felipe Costa\Downloads\BACKUP\Downloads\TP_RP_2026_1\versão_2\latex\
apresentacao\apresentacao_vias.out)
\@outlinefile=\write5
\openout5 = `apresentacao_vias.out'.

LaTeX Font Info:    Overwriting symbol font `operators' in version `normal'
(Font)                  OT1/cmr/m/n --> OT1/cmss/m/n on input line 27.
LaTeX Font Info:    Overwriting symbol font `operators' in version `bold'
(Font)                  OT1/cmr/bx/n --> OT1/cmss/b/n on input line 27.
\symnumbers=\mathgroup6
\sympureletters=\mathgroup7
LaTeX Font Info:    Overwriting math alphabet `\mathrm' in version `normal'
(Font)                  OT1/cmss/m/n --> OT1/cmr/m/n on input line 27.
LaTeX Font Info:    Redeclaring math alphabet \mathbf on input line 27.
LaTeX Font Info:    Overwriting math alphabet `\mathbf' in version `normal'
(Font)                  OT1/cmr/bx/n --> OT1/cmss/b/n on input line 27.
LaTeX Font Info:    Overwriting math alphabet `\mathbf' in version `bold'
(Font)                  OT1/cmr/bx/n --> OT1/cmss/b/n on input line 27.
LaTeX Font Info:    Redeclaring math alphabet \mathsf on input line 27.
LaTeX Font Info:    Overwriting math alphabet `\mathsf' in version `normal'
(Font)                  OT1/cmss/m/n --> OT1/cmss/m/n on input line 27.
LaTeX Font Info:    Overwriting math alphabet `\mathsf' in version `bold'
(Font)                  OT1/cmss/bx/n --> OT1/cmss/m/n on input line 27.
LaTeX Font Info:    Redeclaring math alphabet \mathit on input line 27.
LaTeX Font Info:    Overwriting math alphabet `\mathit' in version `normal'
(Font)                  OT1/cmr/m/it --> OT1/cmss/m/it on input line 27.
LaTeX Font Info:    Overwriting math alphabet `\mathit' in version `bold'
(Font)                  OT1/cmr/bx/it --> OT1/cmss/m/it on input line 27.
LaTeX Font Info:    Redeclaring math alphabet \mathtt on input line 27.
LaTeX Font Info:    Overwriting math alphabet `\mathtt' in version `normal'
(Font)                  OT1/cmtt/m/n --> OT1/cmtt/m/n on input line 27.
LaTeX Font Info:    Overwriting math alphabet `\mathtt' in version `bold'
(Font)                  OT1/cmtt/m/n --> OT1/cmtt/m/n on input line 27.
LaTeX Font Info:    Overwriting symbol font `numbers' in version `bold'
(Font)                  OT1/cmss/m/n --> OT1/cmss/b/n on input line 27.
LaTeX Font Info:    Overwriting symbol font `pureletters' in version `bold'
(Font)                  OT1/cmss/m/it --> OT1/cmss/b/it on input line 27.
LaTeX Font Info:    Overwriting math alphabet `\mathrm' in version `bold'
(Font)                  OT1/cmss/b/n --> OT1/cmr/b/n on input line 27.
LaTeX Font Info:    Overwriting math alphabet `\mathbf' in version `bold'
(Font)                  OT1/cmss/b/n --> OT1/cmss/b/n on input line 27.
LaTeX Font Info:    Overwriting math alphabet `\mathsf' in version `bold'
(Font)                  OT1/cmss/m/n --> OT1/cmss/b/n on input line 27.
LaTeX Font Info:    Overwriting math alphabet `\mathit' in version `bold'
(Font)                  OT1/cmss/m/it --> OT1/cmss/b/it on input line 27.
LaTeX Font Info:    Overwriting math alphabet `\mathtt' in version `bold'
(Font)                  OT1/cmtt/m/n --> OT1/cmtt/b/n on input line 27.
LaTeX Font Info:    Redeclaring symbol font `pureletters' on input line 27.
LaTeX Font Info:    Overwriting symbol font `pureletters' in version `normal'
(Font)                  OT1/cmss/m/it --> OT1/mathkerncmss/m/sl on input line 2
7.
LaTeX Font Info:    Overwriting symbol font `pureletters' in version `bold'
(Font)                  OT1/cmss/b/it --> OT1/mathkerncmss/m/sl on input line 2
7.
LaTeX Font Info:    Overwriting symbol font `pureletters' in version `bold'
(Font)                  OT1/mathkerncmss/m/sl --> OT1/mathkerncmss/bx/sl on inp
ut line 27.

(C:\Users\Felipe Costa\AppData\Local\Programs\MiKTeX\tex/latex/translator\trans
lator-basic-dictionary-English.dict
Dictionary: translator-basic-dictionary, Language: English 
)
(C:\Users\Felipe Costa\AppData\Local\Programs\MiKTeX\tex/latex/translator\trans
lator-bibliography-dictionary-English.dict
Dictionary: translator-bibliography-dictionary, Language: English 
)
(C:\Users\Felipe Costa\AppData\Local\Programs\MiKTeX\tex/latex/translator\trans
lator-environment-dictionary-English.dict
Dictionary: translator-environment-dictionary, Language: English 
)
(C:\Users\Felipe Costa\AppData\Local\Programs\MiKTeX\tex/latex/translator\trans
lator-months-dictionary-English.dict
Dictionary: translator-months-dictionary, Language: English 
)
(C:\Users\Felipe Costa\AppData\Local\Programs\MiKTeX\tex/latex/translator\trans
lator-numbers-dictionary-English.dict
Dictionary: translator-numbers-dictionary, Language: English 
)
(C:\Users\Felipe Costa\AppData\Local\Programs\MiKTeX\tex/latex/translator\trans
lator-theorem-dictionary-English.dict
Dictionary: translator-theorem-dictionary, Language: English 
)
(C:\Users\Felipe Costa\Downloads\BACKUP\Downloads\TP_RP_2026_1\versão_2\latex\
apresentacao\apresentacao_vias.nav) [1

{C:/Users/Felipe Costa/AppData/Local/MiKTeX/fonts/map/pdftex/pdftex.map}]
(C:\Users\Felipe Costa\Downloads\BACKUP\Downloads\TP_RP_2026_1\versão_2\latex\
apresentacao\apresentacao_vias.toc) [2

] [3

]
LaTeX Font Info:    Trying to load font information for U+msa on input line 79.


(C:\Users\Felipe Costa\AppData\Local\Programs\MiKTeX\tex/latex/amsfonts\umsa.fd
File: umsa.fd 2013/01/14 v3.01 AMS symbols A
)
LaTeX Font Info:    Trying to load font information for U+msb on input line 79.


(C:\Users\Felipe Costa\AppData\Local\Programs\MiKTeX\tex/latex/amsfonts\umsb.fd
File: umsb.fd 2013/01/14 v3.01 AMS symbols B
)
LaTeX Font Info:    Trying to load font information for OT1+mathkerncmss on inp
ut line 79.

(C:\Users\Felipe Costa\AppData\Local\Programs\MiKTeX\tex/latex/sansmathaccent\o
t1mathkerncmss.fd
File: ot1mathkerncmss.fd 2020/01/31 Fontinst v1.933 font definitions for OT1/ma
thkerncmss.
) [4

]
\openout4 = `apresentacao_vias.vrb'.


(C:\Users\Felipe Costa\Downloads\BACKUP\Downloads\TP_RP_2026_1\versão_2\latex\
apresentacao\apresentacao_vias.vrb) [5

]
<figuras/dataset_exemplo.png, id=249, 1003.75pt x 246.9225pt>
File: figuras/dataset_exemplo.png Graphic file (type png)
<use figuras/dataset_exemplo.png>
Package pdftex.def Info: figuras/dataset_exemplo.png  used on input line 115.
(pdftex.def)             Requested size: 342.2953pt x 84.20496pt.
 [6

 <C:/Users/Felipe Costa/Downloads/BACKUP/Downloads/TP_RP_2026_1/versão_2/latex
/apresentacao/figuras/dataset_exemplo.png (PNG copy)>]

LaTeX Font Warning: Font shape `OT1/cmss/bx/it' undefined
(Font)              using `OT1/cmss/bx/n' instead on input line 128.

[7

]
\openout4 = `apresentacao_vias.vrb'.


(C:\Users\Felipe Costa\Downloads\BACKUP\Downloads\TP_RP_2026_1\versão_2\latex\
apresentacao\apresentacao_vias.vrb) [8

]
\openout4 = `apresentacao_vias.vrb'.


(C:\Users\Felipe Costa\Downloads\BACKUP\Downloads\TP_RP_2026_1\versão_2\latex\
apresentacao\apresentacao_vias.vrb) [9

] [10

]
<figuras/2_preprocessamento_canny.png, id=440, 1003.75pt x 620.3175pt>
File: figuras/2_preprocessamento_canny.png Graphic file (type png)
<use figuras/2_preprocessamento_canny.png>
Package pdftex.def Info: figuras/2_preprocessamento_canny.png  used on input li
ne 213.
(pdftex.def)             Requested size: 171.14764pt x 105.76492pt.
<figuras/3_probabilidade_modelo.png, id=441, 1003.75pt x 620.3175pt>
File: figuras/3_probabilidade_modelo.png Graphic file (type png)
<use figuras/3_probabilidade_modelo.png>
Package pdftex.def Info: figuras/3_probabilidade_modelo.png  used on input line
 213.
(pdftex.def)             Requested size: 171.14764pt x 105.76492pt.
 [11

 <C:/Users/Felipe Costa/Downloads/BACKUP/Downloads/TP_RP_2026_1/versão_2/latex
/apresentacao/figuras/2_preprocessamento_canny.png (PNG copy)> <C:/Users/Felipe
 Costa/Downloads/BACKUP/Downloads/TP_RP_2026_1/versão_2/latex/apresentacao/fig
uras/3_probabilidade_modelo.png (PNG copy)>]
<figuras/4_mascaras_contexto.png, id=469, 1003.75pt x 620.3175pt>
File: figuras/4_mascaras_contexto.png Graphic file (type png)
<use figuras/4_mascaras_contexto.png>
Package pdftex.def Info: figuras/4_mascaras_contexto.png  used on input line 24
0.
(pdftex.def)             Requested size: 184.83716pt x 114.22688pt.
 [12

 <C:/Users/Felipe Costa/Downloads/BACKUP/Downloads/TP_RP_2026_1/versão_2/latex
/apresentacao/figuras/4_mascaras_contexto.png (PNG copy)>]
[13

]
<figuras/6_binaria.png, id=541, 1003.75pt x 620.3175pt>
File: figuras/6_binaria.png Graphic file (type png)
<use figuras/6_binaria.png>
Package pdftex.def Info: figuras/6_binaria.png  used on input line 276.
(pdftex.def)             Requested size: 171.14764pt x 105.76492pt.
<figuras/7_grafo_bruto.png, id=542, 1003.75pt x 620.3175pt>
File: figuras/7_grafo_bruto.png Graphic file (type png)
<use figuras/7_grafo_bruto.png>
Package pdftex.def Info: figuras/7_grafo_bruto.png  used on input line 276.
(pdftex.def)             Requested size: 171.14764pt x 105.76492pt.
 [14

 <C:/Users/Felipe Costa/Downloads/BACKUP/Downloads/TP_RP_2026_1/versão_2/latex
/apresentacao/figuras/6_binaria.png (PNG copy)> <C:/Users/Felipe Costa/Download
s/BACKUP/Downloads/TP_RP_2026_1/versão_2/latex/apresentacao/figuras/7_grafo_br
uto.png (PNG copy)>]
<figuras/8_grafo_refinado.png, id=570, 1003.75pt x 620.3175pt>
File: figuras/8_grafo_refinado.png Graphic file (type png)
<use figuras/8_grafo_refinado.png>
Package pdftex.def Info: figuras/8_grafo_refinado.png  used on input line 296.
(pdftex.def)             Requested size: 191.68452pt x 118.45786pt.
 [15

 <C:/Users/Felipe Costa/Downloads/BACKUP/Downloads/TP_RP_2026_1/versão_2/latex
/apresentacao/figuras/8_grafo_refinado.png (PNG copy)>]
<figuras/9_overlay_final.png, id=597, 1003.75pt x 620.3175pt>
File: figuras/9_overlay_final.png Graphic file (type png)
<use figuras/9_overlay_final.png>
Package pdftex.def Info: figuras/9_overlay_final.png  used on input line 314.
(pdftex.def)             Requested size: 191.68452pt x 118.45786pt.
 [16

 <C:/Users/Felipe Costa/Downloads/BACKUP/Downloads/TP_RP_2026_1/versão_2/latex
/apresentacao/figuras/9_overlay_final.png (PNG copy)>] [17

]
<figuras/grid_2026-06-12_135241.png, id=664, 2208.25pt x 658.46pt>
File: figuras/grid_2026-06-12_135241.png Graphic file (type png)
<use figuras/grid_2026-06-12_135241.png>
Package pdftex.def Info: figuras/grid_2026-06-12_135241.png  used on input line
 347.
(pdftex.def)             Requested size: 342.2953pt x 102.06024pt.

[18

 <C:/Users/Felipe Costa/Downloads/BACKUP/Downloads/TP_RP_2026_1/versão_2/latex
/apresentacao/figuras/grid_2026-06-12_135241.png (PNG copy)>]
<figuras/grid_2026-05-13_020059.png, id=692, 2208.25pt x 649.42625pt>
File: figuras/grid_2026-05-13_020059.png Graphic file (type png)
<use figuras/grid_2026-05-13_020059.png>
Package pdftex.def Info: figuras/grid_2026-05-13_020059.png  used on input line
 354.
(pdftex.def)             Requested size: 342.2953pt x 100.66002pt.
 [19

 <C:/Users/Felipe Costa/Downloads/BACKUP/Downloads/TP_RP_2026_1/versão_2/latex
/apresentacao/figuras/grid_2026-05-13_020059.png (PNG copy)>]
<figuras/grid_2026-05-12_151237.png, id=721, 2208.25pt x 732.7375pt>
File: figuras/grid_2026-05-12_151237.png Graphic file (type png)
<use figuras/grid_2026-05-12_151237.png>
Package pdftex.def Info: figuras/grid_2026-05-12_151237.png  used on input line
 361.
(pdftex.def)             Requested size: 342.2953pt x 113.57314pt.
 [20

 <C:/Users/Felipe Costa/Downloads/BACKUP/Downloads/TP_RP_2026_1/versão_2/latex
/apresentacao/figuras/grid_2026-05-12_151237.png (PNG copy)>]
<figuras/grid_2026-05-12_003536.png, id=749, 2208.25pt x 453.695pt>
File: figuras/grid_2026-05-12_003536.png Graphic file (type png)
<use figuras/grid_2026-05-12_003536.png>
Package pdftex.def Info: figuras/grid_2026-05-12_003536.png  used on input line
 368.
(pdftex.def)             Requested size: 342.2953pt x 70.32199pt.
 [21

 <C:/Users/Felipe Costa/Downloads/BACKUP/Downloads/TP_RP_2026_1/versão_2/latex
/apresentacao/figuras/grid_2026-05-12_003536.png (PNG copy)>]
<figuras/grid_2026-05-11_202053.png, id=777, 2208.25pt x 552.0625pt>
File: figuras/grid_2026-05-11_202053.png Graphic file (type png)
<use figuras/grid_2026-05-11_202053.png>
Package pdftex.def Info: figuras/grid_2026-05-11_202053.png  used on input line
 375.
(pdftex.def)             Requested size: 342.2953pt x 85.5688pt.
 [22

 <C:/Users/Felipe Costa/Downloads/BACKUP/Downloads/TP_RP_2026_1/versão_2/latex
/apresentacao/figuras/grid_2026-05-11_202053.png (PNG copy)>]
<figuras/grid_2026-06-14_131959.png, id=805, 2208.25pt x 571.13374pt>
File: figuras/grid_2026-06-14_131959.png Graphic file (type png)
<use figuras/grid_2026-06-14_131959.png>
Package pdftex.def Info: figuras/grid_2026-06-14_131959.png  used on input line
 382.
(pdftex.def)             Requested size: 342.2953pt x 88.52481pt.
 [23

 <C:/Users/Felipe Costa/Downloads/BACKUP/Downloads/TP_RP_2026_1/versão_2/latex
/apresentacao/figuras/grid_2026-06-14_131959.png (PNG copy)>]
<figuras/grid_2026-05-16_165358.png, id=833, 2208.25pt x 525.965pt>
File: figuras/grid_2026-05-16_165358.png Graphic file (type png)
<use figuras/grid_2026-05-16_165358.png>
Package pdftex.def Info: figuras/grid_2026-05-16_165358.png  used on input line
 389.
(pdftex.def)             Requested size: 342.2953pt x 81.52373pt.

[24

 <C:/Users/Felipe Costa/Downloads/BACKUP/Downloads/TP_RP_2026_1/versão_2/latex
/apresentacao/figuras/grid_2026-05-16_165358.png (PNG copy)>] [25

] [26

]
\tf@nav=\write6
\openout6 = `apresentacao_vias.nav'.

\tf@toc=\write7
\openout7 = `apresentacao_vias.toc'.

\tf@snm=\write8
\openout8 = `apresentacao_vias.snm'.


(C:\Users\Felipe Costa\Downloads\BACKUP\Downloads\TP_RP_2026_1\versão_2\latex\
apresentacao\apresentacao_vias.aux)
 ***********
LaTeX2e <2025-11-01>
L3 programming layer <2025-12-24>
 ***********


LaTeX Font Warning: Some font shapes were not available, defaults substituted.

Package rerunfilecheck Info: File `apresentacao_vias.out' has not changed.
(rerunfilecheck)             Checksum: 41CFC8029F0A35AC868CD07600212C31;747.
 ) 
Here is how much of TeX's memory you used:
 24198 strings out of 467871
 481494 string characters out of 5414953
 863442 words of memory out of 5000000
 52496 multiletter control sequences out of 15000+600000
 645384 words of font info for 104 fonts, out of 8000000 for 9000
 1141 hyphenation exceptions out of 8191
 128i,16n,123p,430b,830s stack positions out of 10000i,1000n,20000p,200000b,200000s
<C:/Users/Felipe Costa/AppData/Local/Programs/MiKTeX/fonts/type1/public/amsfo
nts/cmextra/cmex9.pfb><C:/Users/Felipe Costa/AppData/Local/Programs/MiKTeX/font
s/type1/public/amsfonts/cm/cmmi8.pfb><C:/Users/Felipe Costa/AppData/Local/Progr
ams/MiKTeX/fonts/type1/public/amsfonts/cm/cmmi9.pfb><C:/Users/Felipe Costa/AppD
ata/Local/Programs/MiKTeX/fonts/type1/public/amsfonts/cm/cmss10.pfb><C:/Users/F
elipe Costa/AppData/Local/Programs/MiKTeX/fonts/type1/public/amsfonts/cm/cmss12
.pfb><C:/Users/Felipe Costa/AppData/Local/Programs/MiKTeX/fonts/type1/public/am
sfonts/cm/cmss8.pfb><C:/Users/Felipe Costa/AppData/Local/Programs/MiKTeX/fonts/
type1/public/amsfonts/cm/cmss9.pfb><C:/Users/Felipe Costa/AppData/Local/Program
s/MiKTeX/fonts/type1/public/amsfonts/cm/cmssbx10.pfb><C:/Users/Felipe Costa/App
Data/Local/Programs/MiKTeX/fonts/type1/public/amsfonts/cm/cmssi12.pfb><C:/Users
/Felipe Costa/AppData/Local/Programs/MiKTeX/fonts/type1/public/amsfonts/cm/cmss
i8.pfb><C:/Users/Felipe Costa/AppData/Local/Programs/MiKTeX/fonts/type1/public/
amsfonts/cm/cmssi9.pfb><C:/Users/Felipe Costa/AppData/Local/Programs/MiKTeX/fon
ts/type1/public/amsfonts/cm/cmsy10.pfb><C:/Users/Felipe Costa/AppData/Local/Pro
grams/MiKTeX/fonts/type1/public/amsfonts/cm/cmsy8.pfb><C:/Users/Felipe Costa/Ap
pData/Local/Programs/MiKTeX/fonts/type1/public/amsfonts/cm/cmsy9.pfb><C:/Users/
Felipe Costa/AppData/Local/Programs/MiKTeX/fonts/type1/public/amsfonts/cm/cmtt1
2.pfb><C:/Users/Felipe Costa/AppData/Local/Programs/MiKTeX/fonts/type1/public/a
msfonts/cm/cmtt8.pfb><C:/Users/Felipe Costa/AppData/Local/Programs/MiKTeX/fonts
/type1/public/amsfonts/cm/cmtt9.pfb><C:/Users/Felipe Costa/AppData/Local/Progra
ms/MiKTeX/fonts/type1/public/amsfonts/symbols/msam10.pfb>
Output written on "C:\Users\Felipe Costa\Downloads\BACKUP\Downloads\TP_RP_2026_
1\versão_2\latex\apresentacao\apresentacao_vias.pdf" (26 pages, 23218244 bytes
).
PDF statistics:
 1016 PDF objects out of 1200 (max. 8388607)
 64 named destinations out of 1000 (max. 500000)
 568 words of extra memory for PDF output out of 10000 (max. 10000000)

